CRITICAL - 2025-08-30 18:50:26 --> Error: Class "App\Models\FilmeModel" not found
[Method: GET, Route: /]
in APPPATH\Controllers\Filme.php on line 15.
 1 SYSTEMPATH\CodeIgniter.php(903): App\Controllers\Filme->__construct()
 2 SYSTEMPATH\CodeIgniter.php(498): CodeIgniter\CodeIgniter->createController()
 3 SYSTEMPATH\CodeIgniter.php(354): CodeIgniter\CodeIgniter->handleRequest(null, Object(Config\Cache), false)
 4 SYSTEMPATH\Boot.php(363): CodeIgniter\CodeIgniter->run()
 5 SYSTEMPATH\Boot.php(68): CodeIgniter\Boot::runCodeIgniter(Object(CodeIgniter\CodeIgniter))
 6 FCPATH\index.php(59): CodeIgniter\Boot::bootWeb(Object(Config\Paths))
 7 SYSTEMPATH\rewrite.php(44): require_once('C:\\xampp\\htdocs\\Trabalho_filmes\\public\\index.php')
CRITICAL - 2025-08-30 18:50:50 --> Error: Class "App\Models\FilmeModel" not found
[Method: GET, Route: /]
in APPPATH\Controllers\Filme.php on line 15.
 1 SYSTEMPATH\CodeIgniter.php(903): App\Controllers\Filme->__construct()
 2 SYSTEMPATH\CodeIgniter.php(498): CodeIgniter\CodeIgniter->createController()
 3 SYSTEMPATH\CodeIgniter.php(354): CodeIgniter\CodeIgniter->handleRequest(null, Object(Config\Cache), false)
 4 SYSTEMPATH\Boot.php(363): CodeIgniter\CodeIgniter->run()
 5 SYSTEMPATH\Boot.php(68): CodeIgniter\Boot::runCodeIgniter(Object(CodeIgniter\CodeIgniter))
 6 FCPATH\index.php(59): CodeIgniter\Boot::bootWeb(Object(Config\Paths))
 7 SYSTEMPATH\rewrite.php(44): require_once('C:\\xampp\\htdocs\\Trabalho_filmes\\public\\index.php')
CRITICAL - 2025-08-30 18:50:50 --> Error: Class "App\Models\FilmeModel" not found
[Method: GET, Route: /]
in APPPATH\Controllers\Filme.php on line 15.
 1 SYSTEMPATH\CodeIgniter.php(903): App\Controllers\Filme->__construct()
 2 SYSTEMPATH\CodeIgniter.php(498): CodeIgniter\CodeIgniter->createController()
 3 SYSTEMPATH\CodeIgniter.php(354): CodeIgniter\CodeIgniter->handleRequest(null, Object(Config\Cache), false)
 4 SYSTEMPATH\Boot.php(363): CodeIgniter\CodeIgniter->run()
 5 SYSTEMPATH\Boot.php(68): CodeIgniter\Boot::runCodeIgniter(Object(CodeIgniter\CodeIgniter))
 6 FCPATH\index.php(59): CodeIgniter\Boot::bootWeb(Object(Config\Paths))
 7 SYSTEMPATH\rewrite.php(44): require_once('C:\\xampp\\htdocs\\Trabalho_filmes\\public\\index.php')
CRITICAL - 2025-08-30 18:53:05 --> Error: Class "App\Models\FilmeModel" not found
[Method: GET, Route: /]
in APPPATH\Controllers\Filme.php on line 15.
 1 SYSTEMPATH\CodeIgniter.php(903): App\Controllers\Filme->__construct()
 2 SYSTEMPATH\CodeIgniter.php(498): CodeIgniter\CodeIgniter->createController()
 3 SYSTEMPATH\CodeIgniter.php(354): CodeIgniter\CodeIgniter->handleRequest(null, Object(Config\Cache), false)
 4 SYSTEMPATH\Boot.php(363): CodeIgniter\CodeIgniter->run()
 5 SYSTEMPATH\Boot.php(68): CodeIgniter\Boot::runCodeIgniter(Object(CodeIgniter\CodeIgniter))
 6 FCPATH\index.php(59): CodeIgniter\Boot::bootWeb(Object(Config\Paths))
 7 SYSTEMPATH\rewrite.php(44): require_once('C:\\xampp\\htdocs\\Trabalho_filmes\\public\\index.php')
CRITICAL - 2025-08-30 18:54:04 --> Error: Class "App\Models\FilmeModel" not found
[Method: GET, Route: /]
in APPPATH\Controllers\Filme.php on line 15.
 1 SYSTEMPATH\CodeIgniter.php(903): App\Controllers\Filme->__construct()
 2 SYSTEMPATH\CodeIgniter.php(498): CodeIgniter\CodeIgniter->createController()
 3 SYSTEMPATH\CodeIgniter.php(354): CodeIgniter\CodeIgniter->handleRequest(null, Object(Config\Cache), false)
 4 SYSTEMPATH\Boot.php(363): CodeIgniter\CodeIgniter->run()
 5 SYSTEMPATH\Boot.php(68): CodeIgniter\Boot::runCodeIgniter(Object(CodeIgniter\CodeIgniter))
 6 FCPATH\index.php(59): CodeIgniter\Boot::bootWeb(Object(Config\Paths))
 7 SYSTEMPATH\rewrite.php(44): require_once('C:\\xampp\\htdocs\\Trabalho_filmes\\public\\index.php')
CRITICAL - 2025-08-30 18:54:05 --> Error: Class "App\Models\FilmeModel" not found
[Method: GET, Route: /]
in APPPATH\Controllers\Filme.php on line 15.
 1 SYSTEMPATH\CodeIgniter.php(903): App\Controllers\Filme->__construct()
 2 SYSTEMPATH\CodeIgniter.php(498): CodeIgniter\CodeIgniter->createController()
 3 SYSTEMPATH\CodeIgniter.php(354): CodeIgniter\CodeIgniter->handleRequest(null, Object(Config\Cache), false)
 4 SYSTEMPATH\Boot.php(363): CodeIgniter\CodeIgniter->run()
 5 SYSTEMPATH\Boot.php(68): CodeIgniter\Boot::runCodeIgniter(Object(CodeIgniter\CodeIgniter))
 6 FCPATH\index.php(59): CodeIgniter\Boot::bootWeb(Object(Config\Paths))
 7 SYSTEMPATH\rewrite.php(44): require_once('C:\\xampp\\htdocs\\Trabalho_filmes\\public\\index.php')
CRITICAL - 2025-08-30 18:54:31 --> Error: Class "App\Models\FilmeModel" not found
[Method: GET, Route: /]
in APPPATH\Controllers\Filme.php on line 15.
 1 SYSTEMPATH\CodeIgniter.php(903): App\Controllers\Filme->__construct()
 2 SYSTEMPATH\CodeIgniter.php(498): CodeIgniter\CodeIgniter->createController()
 3 SYSTEMPATH\CodeIgniter.php(354): CodeIgniter\CodeIgniter->handleRequest(null, Object(Config\Cache), false)
 4 SYSTEMPATH\Boot.php(363): CodeIgniter\CodeIgniter->run()
 5 SYSTEMPATH\Boot.php(68): CodeIgniter\Boot::runCodeIgniter(Object(CodeIgniter\CodeIgniter))
 6 FCPATH\index.php(59): CodeIgniter\Boot::bootWeb(Object(Config\Paths))
 7 SYSTEMPATH\rewrite.php(44): require_once('C:\\xampp\\htdocs\\Trabalho_filmes\\public\\index.php')
CRITICAL - 2025-08-30 19:04:42 --> Error: Class "App\Models\FilmeModel" not found
[Method: GET, Route: /]
in APPPATH\Controllers\Filme.php on line 14.
 1 SYSTEMPATH\CodeIgniter.php(903): App\Controllers\Filme->__construct()
 2 SYSTEMPATH\CodeIgniter.php(498): CodeIgniter\CodeIgniter->createController()
 3 SYSTEMPATH\CodeIgniter.php(354): CodeIgniter\CodeIgniter->handleRequest(null, Object(Config\Cache), false)
 4 SYSTEMPATH\Boot.php(363): CodeIgniter\CodeIgniter->run()
 5 SYSTEMPATH\Boot.php(68): CodeIgniter\Boot::runCodeIgniter(Object(CodeIgniter\CodeIgniter))
 6 FCPATH\index.php(59): CodeIgniter\Boot::bootWeb(Object(Config\Paths))
 7 SYSTEMPATH\rewrite.php(44): require_once('C:\\xampp\\htdocs\\Trabalho_filmes\\public\\index.php')
CRITICAL - 2025-08-30 19:07:46 --> Error: Class "App\Models\FilmeModel" not found
[Method: GET, Route: /]
in APPPATH\Controllers\Filme.php on line 14.
 1 SYSTEMPATH\CodeIgniter.php(903): App\Controllers\Filme->__construct()
 2 SYSTEMPATH\CodeIgniter.php(498): CodeIgniter\CodeIgniter->createController()
 3 SYSTEMPATH\CodeIgniter.php(354): CodeIgniter\CodeIgniter->handleRequest(null, Object(Config\Cache), false)
 4 SYSTEMPATH\Boot.php(363): CodeIgniter\CodeIgniter->run()
 5 SYSTEMPATH\Boot.php(68): CodeIgniter\Boot::runCodeIgniter(Object(CodeIgniter\CodeIgniter))
 6 FCPATH\index.php(59): CodeIgniter\Boot::bootWeb(Object(Config\Paths))
 7 SYSTEMPATH\rewrite.php(44): require_once('C:\\xampp\\htdocs\\Trabalho_filmes\\public\\index.php')
CRITICAL - 2025-08-30 19:11:53 --> Error: Class "App\Models\FilmeModel" not found
[Method: GET, Route: /]
in APPPATH\Controllers\Filme.php on line 13.
 1 SYSTEMPATH\CodeIgniter.php(903): App\Controllers\Filme->__construct()
 2 SYSTEMPATH\CodeIgniter.php(498): CodeIgniter\CodeIgniter->createController()
 3 SYSTEMPATH\CodeIgniter.php(354): CodeIgniter\CodeIgniter->handleRequest(null, Object(Config\Cache), false)
 4 SYSTEMPATH\Boot.php(363): CodeIgniter\CodeIgniter->run()
 5 SYSTEMPATH\Boot.php(68): CodeIgniter\Boot::runCodeIgniter(Object(CodeIgniter\CodeIgniter))
 6 FCPATH\index.php(59): CodeIgniter\Boot::bootWeb(Object(Config\Paths))
 7 SYSTEMPATH\rewrite.php(44): require_once('C:\\xampp\\htdocs\\Trabalho_filmes\\public\\index.php')
CRITICAL - 2025-08-30 19:11:53 --> Error: Class "App\Models\FilmeModel" not found
[Method: GET, Route: /]
in APPPATH\Controllers\Filme.php on line 13.
 1 SYSTEMPATH\CodeIgniter.php(903): App\Controllers\Filme->__construct()
 2 SYSTEMPATH\CodeIgniter.php(498): CodeIgniter\CodeIgniter->createController()
 3 SYSTEMPATH\CodeIgniter.php(354): CodeIgniter\CodeIgniter->handleRequest(null, Object(Config\Cache), false)
 4 SYSTEMPATH\Boot.php(363): CodeIgniter\CodeIgniter->run()
 5 SYSTEMPATH\Boot.php(68): CodeIgniter\Boot::runCodeIgniter(Object(CodeIgniter\CodeIgniter))
 6 FCPATH\index.php(59): CodeIgniter\Boot::bootWeb(Object(Config\Paths))
 7 SYSTEMPATH\rewrite.php(44): require_once('C:\\xampp\\htdocs\\Trabalho_filmes\\public\\index.php')
CRITICAL - 2025-08-30 20:08:16 --> Error: Class "App\Models\FilmeModel" not found
[Method: GET, Route: /]
in APPPATH\Controllers\Filme.php on line 13.
 1 SYSTEMPATH\CodeIgniter.php(903): App\Controllers\Filme->__construct()
 2 SYSTEMPATH\CodeIgniter.php(498): CodeIgniter\CodeIgniter->createController()
 3 SYSTEMPATH\CodeIgniter.php(354): CodeIgniter\CodeIgniter->handleRequest(null, Object(Config\Cache), false)
 4 SYSTEMPATH\Boot.php(363): CodeIgniter\CodeIgniter->run()
 5 SYSTEMPATH\Boot.php(68): CodeIgniter\Boot::runCodeIgniter(Object(CodeIgniter\CodeIgniter))
 6 FCPATH\index.php(59): CodeIgniter\Boot::bootWeb(Object(Config\Paths))
 7 SYSTEMPATH\rewrite.php(44): require_once('C:\\xampp\\htdocs\\Trabalho_filmes\\public\\index.php')
CRITICAL - 2025-08-30 20:10:44 --> Error: Class "App\Models\FilmeModel" not found
[Method: GET, Route: /]
in APPPATH\Controllers\Filme.php on line 13.
 1 SYSTEMPATH\CodeIgniter.php(903): App\Controllers\Filme->__construct()
 2 SYSTEMPATH\CodeIgniter.php(498): CodeIgniter\CodeIgniter->createController()
 3 SYSTEMPATH\CodeIgniter.php(354): CodeIgniter\CodeIgniter->handleRequest(null, Object(Config\Cache), false)
 4 SYSTEMPATH\Boot.php(363): CodeIgniter\CodeIgniter->run()
 5 SYSTEMPATH\Boot.php(68): CodeIgniter\Boot::runCodeIgniter(Object(CodeIgniter\CodeIgniter))
 6 FCPATH\index.php(59): CodeIgniter\Boot::bootWeb(Object(Config\Paths))
 7 SYSTEMPATH\rewrite.php(44): require_once('C:\\xampp\\htdocs\\Trabalho_filmes\\public\\index.php')
